ERROR 2025-03-13 15:25:30,337 log Internal Server Error: /django/admin/partners/countrydirectionrate/
Traceback (most recent call last):
  File "/home/skxnny/web/moneyswap_back/venv/lib/python3.10/site-packages/django/db/backends/utils.py", line 89, in _execute
    return self.cursor.execute(sql, params)
psycopg2.errors.UndefinedColumn: column partners_countrydirectionrate.rate_coefficient does not exist
LINE 1: ..."partners_countrydirectionrate"."max_rate_limit", "partners_...
                                                             ^


The above exception was the direct cause of the following exception:

Traceback (most recent call last):
  File "/home/skxnny/web/moneyswap_back/venv/lib/python3.10/site-packages/django/core/handlers/exception.py", line 55, in inner
    response = get_response(request)
  File "/home/skxnny/web/moneyswap_back/venv/lib/python3.10/site-packages/django/core/handlers/base.py", line 197, in _get_response
    response = wrapped_callback(request, *callback_args, **callback_kwargs)
  File "/home/skxnny/web/moneyswap_back/venv/lib/python3.10/site-packages/django/contrib/admin/options.py", line 688, in wrapper
    return self.admin_site.admin_view(view)(*args, **kwargs)
  File "/home/skxnny/web/moneyswap_back/venv/lib/python3.10/site-packages/django/utils/decorators.py", line 134, in _wrapper_view
    response = view_func(request, *args, **kwargs)
  File "/home/skxnny/web/moneyswap_back/venv/lib/python3.10/site-packages/django/views/decorators/cache.py", line 62, in _wrapper_view_func
    response = view_func(request, *args, **kwargs)
  File "/home/skxnny/web/moneyswap_back/venv/lib/python3.10/site-packages/django/contrib/admin/sites.py", line 242, in inner
    return view(request, *args, **kwargs)
  File "/home/skxnny/web/moneyswap_back/venv/lib/python3.10/site-packages/django/utils/decorators.py", line 46, in _wrapper
    return bound_method(*args, **kwargs)
  File "/home/skxnny/web/moneyswap_back/venv/lib/python3.10/site-packages/django/utils/decorators.py", line 134, in _wrapper_view
    response = view_func(request, *args, **kwargs)
  File "/home/skxnny/web/moneyswap_back/venv/lib/python3.10/site-packages/django/contrib/admin/options.py", line 2065, in changelist_view
    "selection_note": _("0 of %(cnt)s selected") % {"cnt": len(cl.result_list)},
  File "/home/skxnny/web/moneyswap_back/venv/lib/python3.10/site-packages/django/db/models/query.py", line 380, in __len__
    self._fetch_all()
  File "/home/skxnny/web/moneyswap_back/venv/lib/python3.10/site-packages/django/db/models/query.py", line 1881, in _fetch_all
    self._result_cache = list(self._iterable_class(self))
  File "/home/skxnny/web/moneyswap_back/venv/lib/python3.10/site-packages/django/db/models/query.py", line 91, in __iter__
    results = compiler.execute_sql(
  File "/home/skxnny/web/moneyswap_back/venv/lib/python3.10/site-packages/django/db/models/sql/compiler.py", line 1562, in execute_sql
    cursor.execute(sql, params)
  File "/home/skxnny/web/moneyswap_back/venv/lib/python3.10/site-packages/debug_toolbar/panels/sql/tracking.py", line 252, in execute
    return self._record(super().execute, sql, params)
  File "/home/skxnny/web/moneyswap_back/venv/lib/python3.10/site-packages/debug_toolbar/panels/sql/tracking.py", line 177, in _record
    return method(sql, params)
  File "/home/skxnny/web/moneyswap_back/venv/lib/python3.10/site-packages/django/db/backends/utils.py", line 102, in execute
    return super().execute(sql, params)
  File "/home/skxnny/web/moneyswap_back/venv/lib/python3.10/site-packages/django/db/backends/utils.py", line 67, in execute
    return self._execute_with_wrappers(
  File "/home/skxnny/web/moneyswap_back/venv/lib/python3.10/site-packages/django/db/backends/utils.py", line 80, in _execute_with_wrappers
    return executor(sql, params, many, context)
  File "/home/skxnny/web/moneyswap_back/venv/lib/python3.10/site-packages/django/db/backends/utils.py", line 84, in _execute
    with self.db.wrap_database_errors:
  File "/home/skxnny/web/moneyswap_back/venv/lib/python3.10/site-packages/django/db/utils.py", line 91, in __exit__
    raise dj_exc_value.with_traceback(traceback) from exc_value
  File "/home/skxnny/web/moneyswap_back/venv/lib/python3.10/site-packages/django/db/backends/utils.py", line 89, in _execute
    return self.cursor.execute(sql, params)
django.db.utils.ProgrammingError: column partners_countrydirectionrate.rate_coefficient does not exist
LINE 1: ..."partners_countrydirectionrate"."max_rate_limit", "partners_...
                                                             ^

ERROR 2025-03-13 15:28:19,809 log Internal Server Error: /django/admin/partners/countrydirectionrate/
Traceback (most recent call last):
  File "/home/skxnny/web/moneyswap_back/venv/lib/python3.10/site-packages/django/db/backends/utils.py", line 89, in _execute
    return self.cursor.execute(sql, params)
psycopg2.errors.UndefinedColumn: column partners_countrydirectionrate.rate_coefficient does not exist
LINE 1: ..."partners_countrydirectionrate"."max_rate_limit", "partners_...
                                                             ^


The above exception was the direct cause of the following exception:

Traceback (most recent call last):
  File "/home/skxnny/web/moneyswap_back/venv/lib/python3.10/site-packages/django/core/handlers/exception.py", line 55, in inner
    response = get_response(request)
  File "/home/skxnny/web/moneyswap_back/venv/lib/python3.10/site-packages/django/core/handlers/base.py", line 197, in _get_response
    response = wrapped_callback(request, *callback_args, **callback_kwargs)
  File "/home/skxnny/web/moneyswap_back/venv/lib/python3.10/site-packages/django/contrib/admin/options.py", line 688, in wrapper
    return self.admin_site.admin_view(view)(*args, **kwargs)
  File "/home/skxnny/web/moneyswap_back/venv/lib/python3.10/site-packages/django/utils/decorators.py", line 134, in _wrapper_view
    response = view_func(request, *args, **kwargs)
  File "/home/skxnny/web/moneyswap_back/venv/lib/python3.10/site-packages/django/views/decorators/cache.py", line 62, in _wrapper_view_func
    response = view_func(request, *args, **kwargs)
  File "/home/skxnny/web/moneyswap_back/venv/lib/python3.10/site-packages/django/contrib/admin/sites.py", line 242, in inner
    return view(request, *args, **kwargs)
  File "/home/skxnny/web/moneyswap_back/venv/lib/python3.10/site-packages/django/utils/decorators.py", line 46, in _wrapper
    return bound_method(*args, **kwargs)
  File "/home/skxnny/web/moneyswap_back/venv/lib/python3.10/site-packages/django/utils/decorators.py", line 134, in _wrapper_view
    response = view_func(request, *args, **kwargs)
  File "/home/skxnny/web/moneyswap_back/venv/lib/python3.10/site-packages/django/contrib/admin/options.py", line 2065, in changelist_view
    "selection_note": _("0 of %(cnt)s selected") % {"cnt": len(cl.result_list)},
  File "/home/skxnny/web/moneyswap_back/venv/lib/python3.10/site-packages/django/db/models/query.py", line 380, in __len__
    self._fetch_all()
  File "/home/skxnny/web/moneyswap_back/venv/lib/python3.10/site-packages/django/db/models/query.py", line 1881, in _fetch_all
    self._result_cache = list(self._iterable_class(self))
  File "/home/skxnny/web/moneyswap_back/venv/lib/python3.10/site-packages/django/db/models/query.py", line 91, in __iter__
    results = compiler.execute_sql(
  File "/home/skxnny/web/moneyswap_back/venv/lib/python3.10/site-packages/django/db/models/sql/compiler.py", line 1562, in execute_sql
    cursor.execute(sql, params)
  File "/home/skxnny/web/moneyswap_back/venv/lib/python3.10/site-packages/debug_toolbar/panels/sql/tracking.py", line 252, in execute
    return self._record(super().execute, sql, params)
  File "/home/skxnny/web/moneyswap_back/venv/lib/python3.10/site-packages/debug_toolbar/panels/sql/tracking.py", line 177, in _record
    return method(sql, params)
  File "/home/skxnny/web/moneyswap_back/venv/lib/python3.10/site-packages/django/db/backends/utils.py", line 102, in execute
    return super().execute(sql, params)
  File "/home/skxnny/web/moneyswap_back/venv/lib/python3.10/site-packages/django/db/backends/utils.py", line 67, in execute
    return self._execute_with_wrappers(
  File "/home/skxnny/web/moneyswap_back/venv/lib/python3.10/site-packages/django/db/backends/utils.py", line 80, in _execute_with_wrappers
    return executor(sql, params, many, context)
  File "/home/skxnny/web/moneyswap_back/venv/lib/python3.10/site-packages/django/db/backends/utils.py", line 84, in _execute
    with self.db.wrap_database_errors:
  File "/home/skxnny/web/moneyswap_back/venv/lib/python3.10/site-packages/django/db/utils.py", line 91, in __exit__
    raise dj_exc_value.with_traceback(traceback) from exc_value
  File "/home/skxnny/web/moneyswap_back/venv/lib/python3.10/site-packages/django/db/backends/utils.py", line 89, in _execute
    return self.cursor.execute(sql, params)
django.db.utils.ProgrammingError: column partners_countrydirectionrate.rate_coefficient does not exist
LINE 1: ..."partners_countrydirectionrate"."max_rate_limit", "partners_...
                                                             ^

ERROR 2025-03-13 15:30:10,678 log Internal Server Error: /django/admin/partners/countrydirection/
Traceback (most recent call last):
  File "/home/skxnny/web/moneyswap_back/venv/lib/python3.10/site-packages/django/db/backends/utils.py", line 89, in _execute
    return self.cursor.execute(sql, params)
psycopg2.errors.UndefinedColumn: column partners_countrydirectionrate.rate_coefficient does not exist
LINE 1: ..."partners_countrydirectionrate"."max_rate_limit", "partners_...
                                                             ^


The above exception was the direct cause of the following exception:

Traceback (most recent call last):
  File "/home/skxnny/web/moneyswap_back/venv/lib/python3.10/site-packages/django/core/handlers/exception.py", line 55, in inner
    response = get_response(request)
  File "/home/skxnny/web/moneyswap_back/venv/lib/python3.10/site-packages/django/core/handlers/base.py", line 197, in _get_response
    response = wrapped_callback(request, *callback_args, **callback_kwargs)
  File "/home/skxnny/web/moneyswap_back/venv/lib/python3.10/site-packages/django/contrib/admin/options.py", line 688, in wrapper
    return self.admin_site.admin_view(view)(*args, **kwargs)
  File "/home/skxnny/web/moneyswap_back/venv/lib/python3.10/site-packages/django/utils/decorators.py", line 134, in _wrapper_view
    response = view_func(request, *args, **kwargs)
  File "/home/skxnny/web/moneyswap_back/venv/lib/python3.10/site-packages/django/views/decorators/cache.py", line 62, in _wrapper_view_func
    response = view_func(request, *args, **kwargs)
  File "/home/skxnny/web/moneyswap_back/venv/lib/python3.10/site-packages/django/contrib/admin/sites.py", line 242, in inner
    return view(request, *args, **kwargs)
  File "/home/skxnny/web/moneyswap_back/venv/lib/python3.10/site-packages/django/utils/decorators.py", line 46, in _wrapper
    return bound_method(*args, **kwargs)
  File "/home/skxnny/web/moneyswap_back/venv/lib/python3.10/site-packages/django/utils/decorators.py", line 134, in _wrapper_view
    response = view_func(request, *args, **kwargs)
  File "/home/skxnny/web/moneyswap_back/venv/lib/python3.10/site-packages/django/contrib/admin/options.py", line 1959, in changelist_view
    response = self.response_action(
  File "/home/skxnny/web/moneyswap_back/venv/lib/python3.10/site-packages/django/contrib/admin/options.py", line 1593, in response_action
    response = func(self, request, queryset)
  File "/home/skxnny/web/moneyswap_back/venv/lib/python3.10/site-packages/django/contrib/admin/actions.py", line 39, in delete_selected
    ) = modeladmin.get_deleted_objects(queryset, request)
  File "/home/skxnny/web/moneyswap_back/venv/lib/python3.10/site-packages/django/contrib/admin/options.py", line 2101, in get_deleted_objects
    return get_deleted_objects(objs, request, self.admin_site)
  File "/home/skxnny/web/moneyswap_back/venv/lib/python3.10/site-packages/django/contrib/admin/utils.py", line 121, in get_deleted_objects
    collector.collect(objs)
  File "/home/skxnny/web/moneyswap_back/venv/lib/python3.10/site-packages/django/contrib/admin/utils.py", line 187, in collect
    return super().collect(objs, source_attr=source_attr, **kwargs)
  File "/home/skxnny/web/moneyswap_back/venv/lib/python3.10/site-packages/django/db/models/deletion.py", line 348, in collect
    if getattr(on_delete, "lazy_sub_objs", False) or sub_objs:
  File "/home/skxnny/web/moneyswap_back/venv/lib/python3.10/site-packages/django/db/models/query.py", line 412, in __bool__
    self._fetch_all()
  File "/home/skxnny/web/moneyswap_back/venv/lib/python3.10/site-packages/django/db/models/query.py", line 1881, in _fetch_all
    self._result_cache = list(self._iterable_class(self))
  File "/home/skxnny/web/moneyswap_back/venv/lib/python3.10/site-packages/django/db/models/query.py", line 91, in __iter__
    results = compiler.execute_sql(
  File "/home/skxnny/web/moneyswap_back/venv/lib/python3.10/site-packages/django/db/models/sql/compiler.py", line 1562, in execute_sql
    cursor.execute(sql, params)
  File "/home/skxnny/web/moneyswap_back/venv/lib/python3.10/site-packages/debug_toolbar/panels/sql/tracking.py", line 252, in execute
    return self._record(super().execute, sql, params)
  File "/home/skxnny/web/moneyswap_back/venv/lib/python3.10/site-packages/debug_toolbar/panels/sql/tracking.py", line 177, in _record
    return method(sql, params)
  File "/home/skxnny/web/moneyswap_back/venv/lib/python3.10/site-packages/django/db/backends/utils.py", line 102, in execute
    return super().execute(sql, params)
  File "/home/skxnny/web/moneyswap_back/venv/lib/python3.10/site-packages/django/db/backends/utils.py", line 67, in execute
    return self._execute_with_wrappers(
  File "/home/skxnny/web/moneyswap_back/venv/lib/python3.10/site-packages/django/db/backends/utils.py", line 80, in _execute_with_wrappers
    return executor(sql, params, many, context)
  File "/home/skxnny/web/moneyswap_back/venv/lib/python3.10/site-packages/django/db/backends/utils.py", line 84, in _execute
    with self.db.wrap_database_errors:
  File "/home/skxnny/web/moneyswap_back/venv/lib/python3.10/site-packages/django/db/utils.py", line 91, in __exit__
    raise dj_exc_value.with_traceback(traceback) from exc_value
  File "/home/skxnny/web/moneyswap_back/venv/lib/python3.10/site-packages/django/db/backends/utils.py", line 89, in _execute
    return self.cursor.execute(sql, params)
django.db.utils.ProgrammingError: column partners_countrydirectionrate.rate_coefficient does not exist
LINE 1: ..."partners_countrydirectionrate"."max_rate_limit", "partners_...
                                                             ^

ERROR 2025-03-24 12:34:45,272 log Internal Server Error: /django/admin/general_models/guest/
Traceback (most recent call last):
  File "/home/skxnny/web/moneyswap_back/venv/lib/python3.10/site-packages/django/core/handlers/exception.py", line 55, in inner
    response = get_response(request)
  File "/home/skxnny/web/moneyswap_back/venv/lib/python3.10/site-packages/django/core/handlers/base.py", line 197, in _get_response
    response = wrapped_callback(request, *callback_args, **callback_kwargs)
  File "/home/skxnny/web/moneyswap_back/venv/lib/python3.10/site-packages/django/contrib/admin/options.py", line 688, in wrapper
    return self.admin_site.admin_view(view)(*args, **kwargs)
  File "/home/skxnny/web/moneyswap_back/venv/lib/python3.10/site-packages/django/utils/decorators.py", line 134, in _wrapper_view
    response = view_func(request, *args, **kwargs)
  File "/home/skxnny/web/moneyswap_back/venv/lib/python3.10/site-packages/django/views/decorators/cache.py", line 62, in _wrapper_view_func
    response = view_func(request, *args, **kwargs)
  File "/home/skxnny/web/moneyswap_back/venv/lib/python3.10/site-packages/django/contrib/admin/sites.py", line 242, in inner
    return view(request, *args, **kwargs)
  File "/home/skxnny/web/moneyswap_back/venv/lib/python3.10/site-packages/django/utils/decorators.py", line 46, in _wrapper
    return bound_method(*args, **kwargs)
  File "/home/skxnny/web/moneyswap_back/venv/lib/python3.10/site-packages/django/utils/decorators.py", line 134, in _wrapper_view
    response = view_func(request, *args, **kwargs)
  File "/home/skxnny/web/moneyswap_back/venv/lib/python3.10/site-packages/django/contrib/admin/options.py", line 2065, in changelist_view
    "selection_note": _("0 of %(cnt)s selected") % {"cnt": len(cl.result_list)},
  File "/home/skxnny/web/moneyswap_back/venv/lib/python3.10/site-packages/django/db/models/query.py", line 380, in __len__
    self._fetch_all()
  File "/home/skxnny/web/moneyswap_back/venv/lib/python3.10/site-packages/django/db/models/query.py", line 1881, in _fetch_all
    self._result_cache = list(self._iterable_class(self))
  File "/home/skxnny/web/moneyswap_back/venv/lib/python3.10/site-packages/django/db/models/query.py", line 91, in __iter__
    results = compiler.execute_sql(
  File "/home/skxnny/web/moneyswap_back/venv/lib/python3.10/site-packages/django/db/models/sql/compiler.py", line 1549, in execute_sql
    sql, params = self.as_sql()
  File "/home/skxnny/web/moneyswap_back/venv/lib/python3.10/site-packages/django/db/models/sql/compiler.py", line 736, in as_sql
    extra_select, order_by, group_by = self.pre_sql_setup(
  File "/home/skxnny/web/moneyswap_back/venv/lib/python3.10/site-packages/django/db/models/sql/compiler.py", line 84, in pre_sql_setup
    self.setup_query(with_col_aliases=with_col_aliases)
  File "/home/skxnny/web/moneyswap_back/venv/lib/python3.10/site-packages/django/db/models/sql/compiler.py", line 73, in setup_query
    self.select, self.klass_info, self.annotation_col_map = self.get_select(
  File "/home/skxnny/web/moneyswap_back/venv/lib/python3.10/site-packages/django/db/models/sql/compiler.py", line 309, in get_select
    sql, params = col.select_format(self, sql, params)
  File "/home/skxnny/web/moneyswap_back/venv/lib/python3.10/site-packages/django/db/models/expressions.py", line 475, in select_format
    if hasattr(self.output_field, "select_format"):
  File "/home/skxnny/web/moneyswap_back/venv/lib/python3.10/site-packages/django/utils/functional.py", line 57, in __get__
    res = instance.__dict__[self.name] = self.func(instance)
  File "/home/skxnny/web/moneyswap_back/venv/lib/python3.10/site-packages/django/db/models/expressions.py", line 305, in output_field
    output_field = self._resolve_output_field()
  File "/home/skxnny/web/moneyswap_back/venv/lib/python3.10/site-packages/django/db/models/expressions.py", line 343, in _resolve_output_field
    raise FieldError(
django.core.exceptions.FieldError: Expression contains mixed types: DateTimeField, CharField. You must set output_field.
ERROR 2025-03-24 12:53:15,026 log Internal Server Error: /django/admin/general_models/guest/
Traceback (most recent call last):
  File "/home/skxnny/web/moneyswap_back/venv/lib/python3.10/site-packages/django/core/handlers/exception.py", line 55, in inner
    response = get_response(request)
  File "/home/skxnny/web/moneyswap_back/venv/lib/python3.10/site-packages/django/core/handlers/base.py", line 197, in _get_response
    response = wrapped_callback(request, *callback_args, **callback_kwargs)
  File "/home/skxnny/web/moneyswap_back/venv/lib/python3.10/site-packages/django/contrib/admin/options.py", line 688, in wrapper
    return self.admin_site.admin_view(view)(*args, **kwargs)
  File "/home/skxnny/web/moneyswap_back/venv/lib/python3.10/site-packages/django/utils/decorators.py", line 134, in _wrapper_view
    response = view_func(request, *args, **kwargs)
  File "/home/skxnny/web/moneyswap_back/venv/lib/python3.10/site-packages/django/views/decorators/cache.py", line 62, in _wrapper_view_func
    response = view_func(request, *args, **kwargs)
  File "/home/skxnny/web/moneyswap_back/venv/lib/python3.10/site-packages/django/contrib/admin/sites.py", line 242, in inner
    return view(request, *args, **kwargs)
  File "/home/skxnny/web/moneyswap_back/venv/lib/python3.10/site-packages/django/utils/decorators.py", line 46, in _wrapper
    return bound_method(*args, **kwargs)
  File "/home/skxnny/web/moneyswap_back/venv/lib/python3.10/site-packages/django/utils/decorators.py", line 134, in _wrapper_view
    response = view_func(request, *args, **kwargs)
  File "/home/skxnny/web/moneyswap_back/venv/lib/python3.10/site-packages/django/contrib/admin/options.py", line 1926, in changelist_view
    cl = self.get_changelist_instance(request)
  File "/home/skxnny/web/moneyswap_back/venv/lib/python3.10/site-packages/django/contrib/admin/options.py", line 836, in get_changelist_instance
    return ChangeList(
  File "/home/skxnny/web/moneyswap_back/venv/lib/python3.10/site-packages/django/contrib/admin/views/main.py", line 77, in __init__
    self.root_queryset = model_admin.get_queryset(request)
  File "/home/skxnny/web/moneyswap_back/django_fastapi/general_models/admin.py", line 261, in get_queryset
    queryset = super().get_queryset(request)
  File "/home/skxnny/web/moneyswap_back/venv/lib/python3.10/site-packages/django/contrib/admin/options.py", line 421, in get_queryset
    qs = qs.order_by(*ordering)
  File "/home/skxnny/web/moneyswap_back/venv/lib/python3.10/site-packages/django/db/models/query.py", line 1659, in order_by
    obj.query.add_ordering(*field_names)
  File "/home/skxnny/web/moneyswap_back/venv/lib/python3.10/site-packages/django/db/models/sql/query.py", line 2221, in add_ordering
    self.names_to_path(item.split(LOOKUP_SEP), self.model._meta)
  File "/home/skxnny/web/moneyswap_back/venv/lib/python3.10/site-packages/django/db/models/sql/query.py", line 1724, in names_to_path
    raise FieldError(
django.core.exceptions.FieldError: Cannot resolve keyword 'time_create_sort' into field. Choices are: cash_comments, cash_exchange_counts, cash_reviews, chat_link, custom_orders, first_name, is_active, is_premium, language_code, last_name, no_cash_comments, no_cash_exchange_counts, no_cash_reviews, partner_comments, partner_exchange_country_counts, partner_exchange_counts, partner_reviews, select_language, tg_id, time_create, username, utm_source
ERROR 2025-03-24 12:54:20,472 log Internal Server Error: /django/admin/general_models/guest/
Traceback (most recent call last):
  File "/home/skxnny/web/moneyswap_back/venv/lib/python3.10/site-packages/django/core/handlers/exception.py", line 55, in inner
    response = get_response(request)
  File "/home/skxnny/web/moneyswap_back/venv/lib/python3.10/site-packages/django/core/handlers/base.py", line 197, in _get_response
    response = wrapped_callback(request, *callback_args, **callback_kwargs)
  File "/home/skxnny/web/moneyswap_back/venv/lib/python3.10/site-packages/django/contrib/admin/options.py", line 688, in wrapper
    return self.admin_site.admin_view(view)(*args, **kwargs)
  File "/home/skxnny/web/moneyswap_back/venv/lib/python3.10/site-packages/django/utils/decorators.py", line 134, in _wrapper_view
    response = view_func(request, *args, **kwargs)
  File "/home/skxnny/web/moneyswap_back/venv/lib/python3.10/site-packages/django/views/decorators/cache.py", line 62, in _wrapper_view_func
    response = view_func(request, *args, **kwargs)
  File "/home/skxnny/web/moneyswap_back/venv/lib/python3.10/site-packages/django/contrib/admin/sites.py", line 242, in inner
    return view(request, *args, **kwargs)
  File "/home/skxnny/web/moneyswap_back/venv/lib/python3.10/site-packages/django/utils/decorators.py", line 46, in _wrapper
    return bound_method(*args, **kwargs)
  File "/home/skxnny/web/moneyswap_back/venv/lib/python3.10/site-packages/django/utils/decorators.py", line 134, in _wrapper_view
    response = view_func(request, *args, **kwargs)
  File "/home/skxnny/web/moneyswap_back/venv/lib/python3.10/site-packages/django/contrib/admin/options.py", line 1926, in changelist_view
    cl = self.get_changelist_instance(request)
  File "/home/skxnny/web/moneyswap_back/venv/lib/python3.10/site-packages/django/contrib/admin/options.py", line 836, in get_changelist_instance
    return ChangeList(
  File "/home/skxnny/web/moneyswap_back/venv/lib/python3.10/site-packages/django/contrib/admin/views/main.py", line 77, in __init__
    self.root_queryset = model_admin.get_queryset(request)
  File "/home/skxnny/web/moneyswap_back/django_fastapi/general_models/admin.py", line 287, in get_queryset
    return queryset.annotate(no_cash_link_count=Subquery(no_cash_link_count_subquery),
  File "/home/skxnny/web/moneyswap_back/venv/lib/python3.10/site-packages/django/db/models/query.py", line 1590, in annotate
    return self._annotate(args, kwargs, select=True)
  File "/home/skxnny/web/moneyswap_back/venv/lib/python3.10/site-packages/django/db/models/query.py", line 1638, in _annotate
    clone.query.add_annotation(
  File "/home/skxnny/web/moneyswap_back/venv/lib/python3.10/site-packages/django/db/models/sql/query.py", line 1133, in add_annotation
    annotation = annotation.resolve_expression(self, allow_joins=True, reuse=None)
  File "/home/skxnny/web/moneyswap_back/venv/lib/python3.10/site-packages/django/db/models/expressions.py", line 950, in resolve_expression
    c.source_expressions[pos] = arg.resolve_expression(
  File "/home/skxnny/web/moneyswap_back/venv/lib/python3.10/site-packages/django/db/models/expressions.py", line 829, in resolve_expression
    return query.resolve_ref(self.name, allow_joins, reuse, summarize)
  File "/home/skxnny/web/moneyswap_back/venv/lib/python3.10/site-packages/django/db/models/sql/query.py", line 1976, in resolve_ref
    join_info = self.setup_joins(
  File "/home/skxnny/web/moneyswap_back/venv/lib/python3.10/site-packages/django/db/models/sql/query.py", line 1823, in setup_joins
    path, final_field, targets, rest = self.names_to_path(
  File "/home/skxnny/web/moneyswap_back/venv/lib/python3.10/site-packages/django/db/models/sql/query.py", line 1724, in names_to_path
    raise FieldError(
django.core.exceptions.FieldError: Cannot resolve keyword '-time_create' into field. Choices are: cash_comments, cash_exchange_counts, cash_link_count, cash_reviews, chat_link, custom_orders, first_name, is_active, is_premium, language_code, last_name, no_cash_comments, no_cash_exchange_counts, no_cash_link_count, no_cash_reviews, partner_comments, partner_country_link_count, partner_exchange_country_counts, partner_exchange_counts, partner_link_count, partner_reviews, select_language, tg_id, time_create, username, utm_source
